Unity Editor version:    2020.3.19f1 (68f137dc9bbe)
Branch:                  2020.3/staging
Build type:              Release
Batch mode:              YES
macOS version:           Version 10.15.5 (Build 19F101)
Darwin version:          19.5.0
Architecture:            x86_64
Running under Rosetta:   NO
Available memory:        16384 MB
Using pre-set license
Pro License: NO

COMMAND LINE ARGUMENTS:
/Applications/Unity/Hub/Editor/2020.3.19f1/Unity.app/Contents/MacOS/Unity
-adb2
-batchMode
-noUpm
-name
AssetImportWorker0
-projectPath
/Users/barissaygi/Documents/GitHub/E-Waste-Day-Game/E-Waste_Day
-logFile
Logs/AssetImportWorker0.log
-srvPort
61740
Successfully changed project path to: /Users/barissaygi/Documents/GitHub/E-Waste-Day-Game/E-Waste_Day
/Users/barissaygi/Documents/GitHub/E-Waste-Day-Game/E-Waste_Day
Using Asset Import Pipeline V2.
Refreshing native plugins compatible for Editor in 64.63 ms, found 3 plugins.
Preloading 0 native plugins for Editor in 0.00 ms.
Initialize engine version: 2020.3.19f1 (68f137dc9bbe)
[Subsystems] Discovering subsystems at path /Applications/Unity/Hub/Editor/2020.3.19f1/Unity.app/Contents/Resources/UnitySubsystems
[Subsystems] Discovering subsystems at path /Users/barissaygi/Documents/GitHub/E-Waste-Day-Game/E-Waste_Day/Assets
GfxDevice: creating device client; threaded=0
2022-10-12 11:42:57.230 Unity[58658:2904597] Color LCD preferred device: Intel(R) Iris(TM) Plus Graphics (low power)
2022-10-12 11:42:57.230 Unity[58658:2904597] Metal devices available: 1
2022-10-12 11:42:57.230 Unity[58658:2904597] 0: Intel(R) Iris(TM) Plus Graphics (low power)
2022-10-12 11:42:57.231 Unity[58658:2904597] Using device Intel(R) Iris(TM) Plus Graphics (low power)
Initializing Metal device caps: Intel(R) Iris(TM) Plus Graphics
Initialize mono
Mono path[0] = '/Applications/Unity/Hub/Editor/2020.3.19f1/Unity.app/Contents/Managed'
Mono path[1] = '/Applications/Unity/Hub/Editor/2020.3.19f1/Unity.app/Contents/MonoBleedingEdge/lib/mono/unityjit'
Mono config path = '/Applications/Unity/Hub/Editor/2020.3.19f1/Unity.app/Contents/MonoBleedingEdge/etc'
Using monoOptions --debugger-agent=transport=dt_socket,embedding=1,server=y,suspend=n,address=127.0.0.1:56658
Begin MonoManager ReloadAssembly
Registering precompiled unity dll's ...
Register platform support module: /Applications/Unity/Hub/Editor/2020.3.19f1/Unity.app/Contents/PlaybackEngines/MacStandaloneSupport/UnityEditor.OSXStandalone.Extensions.dll
Register platform support module: /Applications/Unity/Hub/Editor/2020.3.19f1/PlaybackEngines/WindowsStandaloneSupport/UnityEditor.WindowsStandalone.Extensions.dll
Registered in 0.000720 seconds.
Native extension for WindowsStandalone target not found
Native extension for OSXStandalone target not found
Refreshing native plugins compatible for Editor in 57.10 ms, found 3 plugins.
Preloading 0 native plugins for Editor in 0.00 ms.
Mono: successfully reloaded assembly
- Completed reload, in  2.069 seconds
Domain Reload Profiling:
	ReloadAssembly (2070ms)
		BeginReloadAssembly (61ms)
			ExecutionOrderSort (0ms)
			DisableScriptedObjects (0ms)
			BackupInstance (0ms)
			ReleaseScriptingObjects (0ms)
			CreateAndSetChildDomain (1ms)
		EndReloadAssembly (734ms)
			LoadAssemblies (60ms)
			RebuildTransferFunctionScriptingTraits (0ms)
			SetupTypeCache (259ms)
			ReleaseScriptCaches (0ms)
			RebuildScriptCaches (77ms)
			SetupLoadedEditorAssemblies (328ms)
				LogAssemblyErrors (0ms)
				InitializePlatformSupportModulesInManaged (9ms)
				SetLoadedEditorAssemblies (0ms)
				RefreshPlugins (57ms)
				BeforeProcessingInitializeOnLoad (16ms)
				ProcessInitializeOnLoadAttributes (183ms)
				ProcessInitializeOnLoadMethodAttributes (61ms)
				AfterProcessingInitializeOnLoad (0ms)
				EditorAssembliesLoaded (0ms)
			ExecutionOrderSort2 (0ms)
			AwakeInstancesAfterBackupRestoration (0ms)
Platform modules already initialized, skipping
Registering precompiled user dll's ...
Registered in 0.002438 seconds.
Begin MonoManager ReloadAssembly
Native extension for WindowsStandalone target not found
Native extension for OSXStandalone target not found
Refreshing native plugins compatible for Editor in 97.10 ms, found 3 plugins.
Preloading 0 native plugins for Editor in 0.00 ms.
Mono: successfully reloaded assembly
- Completed reload, in  2.670 seconds
Domain Reload Profiling:
	ReloadAssembly (2671ms)
		BeginReloadAssembly (357ms)
			ExecutionOrderSort (0ms)
			DisableScriptedObjects (9ms)
			BackupInstance (0ms)
			ReleaseScriptingObjects (0ms)
			CreateAndSetChildDomain (72ms)
		EndReloadAssembly (2134ms)
			LoadAssemblies (204ms)
			RebuildTransferFunctionScriptingTraits (0ms)
			SetupTypeCache (806ms)
			ReleaseScriptCaches (1ms)
			RebuildScriptCaches (128ms)
			SetupLoadedEditorAssemblies (750ms)
				LogAssemblyErrors (0ms)
				InitializePlatformSupportModulesInManaged (9ms)
				SetLoadedEditorAssemblies (1ms)
				RefreshPlugins (97ms)
				BeforeProcessingInitializeOnLoad (136ms)
				ProcessInitializeOnLoadAttributes (469ms)
				ProcessInitializeOnLoadMethodAttributes (34ms)
				AfterProcessingInitializeOnLoad (3ms)
				EditorAssembliesLoaded (0ms)
			ExecutionOrderSort2 (0ms)
			AwakeInstancesAfterBackupRestoration (17ms)
Platform modules already initialized, skipping
Validating Project structure ... 0.007136 seconds.
Shader import version has changed; will reimport all shaders...
Upgrading shader files ...0.012626 seconds.
Application.AssetDatabase Initial Script Refresh Start
RefreshInfo: InitialScriptRefreshV2(NoUpdateAssetOptions) scanfilter:  ... 1 filters
RefreshProfiler: Total: 0.000ms
Application.AssetDatabase Initial Script Refresh End
Application.AssetDatabase.Refresh Start
Application.AssetDatabase.Refresh End
RefreshInfo: StopAssetImportingV2(ForceSynchronousImport) scanfilter: 
RefreshProfiler: Total: 0.000ms
Launching external process: /Applications/Unity/Hub/Editor/2020.3.19f1/Unity.app/Contents/Tools/UnityShaderCompiler
Launched and connected shader compiler UnityShaderCompiler after 0.02 seconds
Initializing Unity extensions:
========================================================================
Worker process is ready to serve import requests
Refreshing native plugins compatible for Editor in 0.54 ms, found 3 plugins.
Preloading 0 native plugins for Editor in 0.00 ms.
Unloading 2095 Unused Serialized files (Serialized files now loaded: 0)
System memory in use before: 192.6 MB.
System memory in use after: 191.8 MB.

Unloading 102 unused Assets to reduce memory usage. Loaded Objects now: 2574.
Total: 7.640214 ms (FindLiveObjects: 0.300086 ms CreateObjectMapping: 0.156423 ms MarkObjects: 6.417816 ms  DeleteObjects: 0.763414 ms)

AssetImportParameters requested are different than current active one (requested -> active):
  custom:video-decoder-ogg-theora: a1e56fd34408186e4bbccfd4996cb3dc -> 
  custom:container-muxer-webm: aa71ff27fc2769a1b78a27578f13a17b -> 
  custom:container-demuxer-webm: 4f35f7cbe854078d1ac9338744f61a02 -> 
  custom:container-demuxer-ogg: 62fdf1f143b41e24485cea50d1cbac27 -> 
  custom:video-encoder-webm-vp8: eb34c28f22e8b96e1ab97ce403110664 -> 
  custom:framework-osx-AVFoundation: b23960f63f64bdc6ff669e2cdcee2391 -> 
  custom:video-decoder-webm-vp8: 9c59270c3fd7afecdb556c50c9e8de78 -> 
  custom:audio-decoder-ogg-vorbis: bf7c407c2cedff20999df2af8eb42d56 -> 
  custom:audio-encoder-webm-vorbis: bf7c407c2cedff20999df2af8eb42d56 -> 
========================================================================
Received Import Request.
  path: Assets/Scripts/Movement.cs
  artifactKey: Guid(281b2c0a66b794ffdad51be9978e3555) Importer(815301076,1909f56bfc062723c751e8b465ee728b)
Start importing Assets/Scripts/Movement.cs using Guid(281b2c0a66b794ffdad51be9978e3555) Importer(815301076,1909f56bfc062723c751e8b465ee728b)  -> (artifact id: '6b8e59b278e05f721eb913f0e6cf7d2a') in 0.608028 seconds 
  Import took 0.613042 seconds .

========================================================================
Received Import Request.
  Time since last request: 21.930286 seconds.
  path: Assets/Scripts/Dash.cs
  artifactKey: Guid(05ba1cf1201cc456daf205ec4387bf86) Importer(815301076,1909f56bfc062723c751e8b465ee728b)
Start importing Assets/Scripts/Dash.cs using Guid(05ba1cf1201cc456daf205ec4387bf86) Importer(815301076,1909f56bfc062723c751e8b465ee728b)  -> (artifact id: '85cddcfb02998569f687ed521cd58327') in 0.003718 seconds 
  Import took 0.008150 seconds .

========================================================================
Received Prepare
Registering precompiled user dll's ...
Registered in 0.002486 seconds.
Begin MonoManager ReloadAssembly
Native extension for WindowsStandalone target not found
Native extension for OSXStandalone target not found
Refreshing native plugins compatible for Editor in 0.59 ms, found 3 plugins.
Preloading 0 native plugins for Editor in 0.00 ms.
Mono: successfully reloaded assembly
- Completed reload, in  2.258 seconds
Domain Reload Profiling:
	ReloadAssembly (2259ms)
		BeginReloadAssembly (270ms)
			ExecutionOrderSort (0ms)
			DisableScriptedObjects (18ms)
			BackupInstance (0ms)
			ReleaseScriptingObjects (0ms)
			CreateAndSetChildDomain (126ms)
		EndReloadAssembly (1831ms)
			LoadAssemblies (179ms)
			RebuildTransferFunctionScriptingTraits (0ms)
			SetupTypeCache (733ms)
			ReleaseScriptCaches (1ms)
			RebuildScriptCaches (128ms)
			SetupLoadedEditorAssemblies (574ms)
				LogAssemblyErrors (0ms)
				InitializePlatformSupportModulesInManaged (9ms)
				SetLoadedEditorAssemblies (1ms)
				RefreshPlugins (1ms)
				BeforeProcessingInitializeOnLoad (166ms)
				ProcessInitializeOnLoadAttributes (384ms)
				ProcessInitializeOnLoadMethodAttributes (10ms)
				AfterProcessingInitializeOnLoad (3ms)
				EditorAssembliesLoaded (0ms)
			ExecutionOrderSort2 (0ms)
			AwakeInstancesAfterBackupRestoration (33ms)
Platform modules already initialized, skipping
Refreshing native plugins compatible for Editor in 0.51 ms, found 3 plugins.
Preloading 0 native plugins for Editor in 0.00 ms.
Unloading 2084 Unused Serialized files (Serialized files now loaded: 0)
System memory in use before: 194.3 MB.
System memory in use after: 194.5 MB.

Unloading 15 unused Assets to reduce memory usage. Loaded Objects now: 2578.
Total: 4.850909 ms (FindLiveObjects: 0.264223 ms CreateObjectMapping: 0.105431 ms MarkObjects: 4.397231 ms  DeleteObjects: 0.081975 ms)

AssetImportParameters requested are different than current active one (requested -> active):
  custom:video-decoder-ogg-theora: a1e56fd34408186e4bbccfd4996cb3dc -> 
  custom:container-muxer-webm: aa71ff27fc2769a1b78a27578f13a17b -> 
  custom:container-demuxer-webm: 4f35f7cbe854078d1ac9338744f61a02 -> 
  custom:container-demuxer-ogg: 62fdf1f143b41e24485cea50d1cbac27 -> 
  custom:video-encoder-webm-vp8: eb34c28f22e8b96e1ab97ce403110664 -> 
  custom:framework-osx-AVFoundation: b23960f63f64bdc6ff669e2cdcee2391 -> 
  custom:video-decoder-webm-vp8: 9c59270c3fd7afecdb556c50c9e8de78 -> 
  custom:audio-decoder-ogg-vorbis: bf7c407c2cedff20999df2af8eb42d56 -> 
  custom:audio-encoder-webm-vorbis: bf7c407c2cedff20999df2af8eb42d56 -> 
========================================================================
Received Import Request.
  Time since last request: 298.668651 seconds.
  path: Assets/warped city files/ENVIRONMENT/tileset.png
  artifactKey: Guid(31921775badd14e349a9d74fd9df9542) Importer(815301076,1909f56bfc062723c751e8b465ee728b)
Start importing Assets/warped city files/ENVIRONMENT/tileset.png using Guid(31921775badd14e349a9d74fd9df9542) Importer(815301076,1909f56bfc062723c751e8b465ee728b)  -> (artifact id: '64742e4f66aa4dc561e32be741bc369d') in 0.591251 seconds 
  Import took 0.597961 seconds .

========================================================================
Received Import Request.
  Time since last request: 20.189972 seconds.
  path: Assets/warped city files/ENVIRONMENT/tileset.png
  artifactKey: Guid(31921775badd14e349a9d74fd9df9542) Importer(815301076,1909f56bfc062723c751e8b465ee728b)
Start importing Assets/warped city files/ENVIRONMENT/tileset.png using Guid(31921775badd14e349a9d74fd9df9542) Importer(815301076,1909f56bfc062723c751e8b465ee728b)  -> (artifact id: 'b645852ff43f1c1708e645a14abf6bd5') in 0.101354 seconds 
  Import took 0.105843 seconds .

========================================================================
Received Import Request.
  Time since last request: 27.236053 seconds.
  path: Assets/warped city files/ENVIRONMENT/New Palette.prefab
  artifactKey: Guid(06ef785bd90db469f909604c82852992) Importer(815301076,1909f56bfc062723c751e8b465ee728b)
Start importing Assets/warped city files/ENVIRONMENT/New Palette.prefab using Guid(06ef785bd90db469f909604c82852992) Importer(815301076,1909f56bfc062723c751e8b465ee728b)  -> (artifact id: '6746a336967190470c9dc03f59250c00') in 0.508152 seconds 
  Import took 0.513241 seconds .

========================================================================
Received Import Request.
  Time since last request: 4.080251 seconds.
  path: Assets/warped city files/ENVIRONMENT/New Palette.prefab
  artifactKey: Guid(06ef785bd90db469f909604c82852992) Importer(815301076,1909f56bfc062723c751e8b465ee728b)
Start importing Assets/warped city files/ENVIRONMENT/New Palette.prefab using Guid(06ef785bd90db469f909604c82852992) Importer(815301076,1909f56bfc062723c751e8b465ee728b)  -> (artifact id: '3addea5841f890b7b4d98c12e30dd5c9') in 0.032738 seconds 
  Import took 0.040638 seconds .

========================================================================
Received Import Request.
  Time since last request: 0.000590 seconds.
  path: Assets/warped city files/ENVIRONMENT/tileset_15.asset
  artifactKey: Guid(87e124c213d1946be8e4423d4e42ebe8) Importer(815301076,1909f56bfc062723c751e8b465ee728b)
Start importing Assets/warped city files/ENVIRONMENT/tileset_15.asset using Guid(87e124c213d1946be8e4423d4e42ebe8) Importer(815301076,1909f56bfc062723c751e8b465ee728b)  -> (artifact id: 'd7fb6d63a1b6de2a2085e472a64d9447') in 0.212375 seconds 
  Import took 0.231282 seconds .

========================================================================
Received Import Request.
  Time since last request: 0.002594 seconds.
  path: Assets/warped city files/ENVIRONMENT/tileset_2.asset
  artifactKey: Guid(ff15b690c4ea641be8be3a0448b616cd) Importer(815301076,1909f56bfc062723c751e8b465ee728b)
Start importing Assets/warped city files/ENVIRONMENT/tileset_2.asset using Guid(ff15b690c4ea641be8be3a0448b616cd) Importer(815301076,1909f56bfc062723c751e8b465ee728b)  -> (artifact id: '7712eaaccac9be9390d06803ff7f895a') in 0.005799 seconds 
  Import took 0.010130 seconds .

========================================================================
Received Import Request.
  Time since last request: 0.000333 seconds.
  path: Assets/warped city files/ENVIRONMENT/tileset_17.asset
  artifactKey: Guid(e8386d0d7f14d47ada816d5f56c9980f) Importer(815301076,1909f56bfc062723c751e8b465ee728b)
Start importing Assets/warped city files/ENVIRONMENT/tileset_17.asset using Guid(e8386d0d7f14d47ada816d5f56c9980f) Importer(815301076,1909f56bfc062723c751e8b465ee728b)  -> (artifact id: '9064d42b2c777c42991955b4a73bf859') in 0.008375 seconds 
  Import took 0.012613 seconds .

========================================================================
Received Import Request.
  Time since last request: 0.000231 seconds.
  path: Assets/warped city files/ENVIRONMENT/tileset_13.asset
  artifactKey: Guid(bbcadbb51fb414bce9a56dd8ffdbee76) Importer(815301076,1909f56bfc062723c751e8b465ee728b)
Start importing Assets/warped city files/ENVIRONMENT/tileset_13.asset using Guid(bbcadbb51fb414bce9a56dd8ffdbee76) Importer(815301076,1909f56bfc062723c751e8b465ee728b)  -> (artifact id: '4415f9a6ef1d05c40b1630d7138d886a') in 0.008551 seconds 
  Import took 0.011877 seconds .

========================================================================
Received Import Request.
  Time since last request: 0.000234 seconds.
  path: Assets/warped city files/ENVIRONMENT/tileset_4.asset
  artifactKey: Guid(3368ab66d819a4795b903361bc9fc8bf) Importer(815301076,1909f56bfc062723c751e8b465ee728b)
Start importing Assets/warped city files/ENVIRONMENT/tileset_4.asset using Guid(3368ab66d819a4795b903361bc9fc8bf) Importer(815301076,1909f56bfc062723c751e8b465ee728b)  -> (artifact id: 'adf65d0d9a5634b7427c845bc837cd7e') in 0.005745 seconds 
  Import took 0.009778 seconds .

========================================================================
Received Import Request.
  Time since last request: 0.000431 seconds.
  path: Assets/warped city files/ENVIRONMENT/tileset_11.asset
  artifactKey: Guid(29f74c6c342b347b2b5aa299af140444) Importer(815301076,1909f56bfc062723c751e8b465ee728b)
Start importing Assets/warped city files/ENVIRONMENT/tileset_11.asset using Guid(29f74c6c342b347b2b5aa299af140444) Importer(815301076,1909f56bfc062723c751e8b465ee728b)  -> (artifact id: 'b2626dd3b6a41e0601bded052975d498') in 0.007455 seconds 
  Import took 0.011811 seconds .

========================================================================
Received Import Request.
  Time since last request: 0.000252 seconds.
  path: Assets/warped city files/ENVIRONMENT/tileset_14.asset
  artifactKey: Guid(ef4134eac2bc5421b951d468b65ac2d4) Importer(815301076,1909f56bfc062723c751e8b465ee728b)
Start importing Assets/warped city files/ENVIRONMENT/tileset_14.asset using Guid(ef4134eac2bc5421b951d468b65ac2d4) Importer(815301076,1909f56bfc062723c751e8b465ee728b)  -> (artifact id: 'fd0041fc46fb697b6bed260def56b0f9') in 0.009181 seconds 
  Import took 0.013147 seconds .

========================================================================
Received Import Request.
  Time since last request: 0.000223 seconds.
  path: Assets/warped city files/ENVIRONMENT/tileset_0.asset
  artifactKey: Guid(ffe1fc059510549f0bef3eddacf00e14) Importer(815301076,1909f56bfc062723c751e8b465ee728b)
Start importing Assets/warped city files/ENVIRONMENT/tileset_0.asset using Guid(ffe1fc059510549f0bef3eddacf00e14) Importer(815301076,1909f56bfc062723c751e8b465ee728b)  -> (artifact id: '4b98e6ef71921c0bba4a797c4e4b1f09') in 0.006166 seconds 
  Import took 0.010362 seconds .

========================================================================
Received Import Request.
  Time since last request: 0.000245 seconds.
  path: Assets/warped city files/ENVIRONMENT/tileset_10.asset
  artifactKey: Guid(c63b01f0e25c640c4b953771ce2ed5c9) Importer(815301076,1909f56bfc062723c751e8b465ee728b)
Start importing Assets/warped city files/ENVIRONMENT/tileset_10.asset using Guid(c63b01f0e25c640c4b953771ce2ed5c9) Importer(815301076,1909f56bfc062723c751e8b465ee728b)  -> (artifact id: '260710781d22bb4c0c9ff7c75f462d6e') in 0.007102 seconds 
  Import took 0.010548 seconds .

========================================================================
Received Import Request.
  Time since last request: 0.000275 seconds.
  path: Assets/warped city files/ENVIRONMENT/tileset_19.asset
  artifactKey: Guid(6dbb582d1febd42949bc6099c41a34b5) Importer(815301076,1909f56bfc062723c751e8b465ee728b)
Start importing Assets/warped city files/ENVIRONMENT/tileset_19.asset using Guid(6dbb582d1febd42949bc6099c41a34b5) Importer(815301076,1909f56bfc062723c751e8b465ee728b)  -> (artifact id: 'a213f37c8b857f9cc43219ee7b2d69b0') in 0.008598 seconds 
  Import took 0.012662 seconds .

========================================================================
Received Import Request.
  Time since last request: 0.000380 seconds.
  path: Assets/warped city files/ENVIRONMENT/tileset_7.asset
  artifactKey: Guid(847f3d558834f461e8ac525c6501d70d) Importer(815301076,1909f56bfc062723c751e8b465ee728b)
Start importing Assets/warped city files/ENVIRONMENT/tileset_7.asset using Guid(847f3d558834f461e8ac525c6501d70d) Importer(815301076,1909f56bfc062723c751e8b465ee728b)  -> (artifact id: 'e8791291ffdf2fd04c9e28f3f4b94a54') in 0.006599 seconds 
  Import took 0.010328 seconds .

========================================================================
Received Import Request.
  Time since last request: 0.000220 seconds.
  path: Assets/warped city files/ENVIRONMENT/tileset_3.asset
  artifactKey: Guid(c6e3873a3a2d742cf98bd09cd53d3233) Importer(815301076,1909f56bfc062723c751e8b465ee728b)
Start importing Assets/warped city files/ENVIRONMENT/tileset_3.asset using Guid(c6e3873a3a2d742cf98bd09cd53d3233) Importer(815301076,1909f56bfc062723c751e8b465ee728b)  -> (artifact id: '13c40ee4c15232686c6e8a1fb25000db') in 0.006274 seconds 
  Import took 0.009938 seconds .

========================================================================
Received Import Request.
  Time since last request: 0.000313 seconds.
  path: Assets/warped city files/ENVIRONMENT/tileset_12.asset
  artifactKey: Guid(d92828b29a05f46aebeb20bc82ebb495) Importer(815301076,1909f56bfc062723c751e8b465ee728b)
Start importing Assets/warped city files/ENVIRONMENT/tileset_12.asset using Guid(d92828b29a05f46aebeb20bc82ebb495) Importer(815301076,1909f56bfc062723c751e8b465ee728b)  -> (artifact id: 'f45725151630871092afb989c37564f1') in 0.008619 seconds 
  Import took 0.012808 seconds .

========================================================================
Received Import Request.
  Time since last request: 0.000225 seconds.
  path: Assets/warped city files/ENVIRONMENT/tileset_9.asset
  artifactKey: Guid(51ed13a2d802b447bb8d9f3dcf8f3e38) Importer(815301076,1909f56bfc062723c751e8b465ee728b)
Start importing Assets/warped city files/ENVIRONMENT/tileset_9.asset using Guid(51ed13a2d802b447bb8d9f3dcf8f3e38) Importer(815301076,1909f56bfc062723c751e8b465ee728b)  -> (artifact id: 'bef19c95c5ae473eafae307e1fd19587') in 0.008081 seconds 
  Import took 0.013033 seconds .

========================================================================
Received Import Request.
  Time since last request: 0.000341 seconds.
  path: Assets/warped city files/ENVIRONMENT/tileset_16.asset
  artifactKey: Guid(98158772c6fa942cbb9fbdefb84855e4) Importer(815301076,1909f56bfc062723c751e8b465ee728b)
Start importing Assets/warped city files/ENVIRONMENT/tileset_16.asset using Guid(98158772c6fa942cbb9fbdefb84855e4) Importer(815301076,1909f56bfc062723c751e8b465ee728b)  -> (artifact id: '6b220fc44f57866ee69d33e969a7cc9a') in 0.009667 seconds 
  Import took 0.014728 seconds .

========================================================================
Received Import Request.
  Time since last request: 0.000482 seconds.
  path: Assets/warped city files/ENVIRONMENT/tileset_1.asset
  artifactKey: Guid(cfa62ff83c1294707b31e817a87ba41f) Importer(815301076,1909f56bfc062723c751e8b465ee728b)
Start importing Assets/warped city files/ENVIRONMENT/tileset_1.asset using Guid(cfa62ff83c1294707b31e817a87ba41f) Importer(815301076,1909f56bfc062723c751e8b465ee728b)  -> (artifact id: '7bab0ffba5264c85da055052703b712f') in 0.008174 seconds 
  Import took 0.013949 seconds .

========================================================================
Received Import Request.
  Time since last request: 0.000754 seconds.
  path: Assets/warped city files/ENVIRONMENT/tileset_18.asset
  artifactKey: Guid(07040360d08124f8f8442675a98291b1) Importer(815301076,1909f56bfc062723c751e8b465ee728b)
Start importing Assets/warped city files/ENVIRONMENT/tileset_18.asset using Guid(07040360d08124f8f8442675a98291b1) Importer(815301076,1909f56bfc062723c751e8b465ee728b)  -> (artifact id: 'eb81be3f3d0b316bd94304c0c3a3b633') in 0.009614 seconds 
  Import took 0.014907 seconds .

========================================================================
Received Import Request.
  Time since last request: 0.000234 seconds.
  path: Assets/warped city files/ENVIRONMENT/tileset_6.asset
  artifactKey: Guid(370be7ddb01f14ca08274feb2dab3355) Importer(815301076,1909f56bfc062723c751e8b465ee728b)
Start importing Assets/warped city files/ENVIRONMENT/tileset_6.asset using Guid(370be7ddb01f14ca08274feb2dab3355) Importer(815301076,1909f56bfc062723c751e8b465ee728b)  -> (artifact id: '94eb9f4642d159b644dc7ff5ec864ed5') in 0.006613 seconds 
  Import took 0.010379 seconds .

========================================================================
Received Import Request.
  Time since last request: 0.000217 seconds.
  path: Assets/warped city files/ENVIRONMENT/tileset_8.asset
  artifactKey: Guid(df17ab019dbef43eab59c192ff718e35) Importer(815301076,1909f56bfc062723c751e8b465ee728b)
Start importing Assets/warped city files/ENVIRONMENT/tileset_8.asset using Guid(df17ab019dbef43eab59c192ff718e35) Importer(815301076,1909f56bfc062723c751e8b465ee728b)  -> (artifact id: '7869594b8b2cf1fa90d2a6d1f63e6445') in 0.006918 seconds 
  Import took 0.011247 seconds .

========================================================================
Received Import Request.
  Time since last request: 0.000232 seconds.
  path: Assets/warped city files/ENVIRONMENT/tileset_5.asset
  artifactKey: Guid(cb356b77a348b44568591e49c41f6f37) Importer(815301076,1909f56bfc062723c751e8b465ee728b)
Start importing Assets/warped city files/ENVIRONMENT/tileset_5.asset using Guid(cb356b77a348b44568591e49c41f6f37) Importer(815301076,1909f56bfc062723c751e8b465ee728b)  -> (artifact id: 'd05b0d38080bcc0a7d4db2c801c305a8') in 0.007098 seconds 
  Import took 0.011515 seconds .

========================================================================
Received Import Request.
  Time since last request: 14.672570 seconds.
  path: Assets/warped city files/ENVIRONMENT/tileset.png
  artifactKey: Guid(31921775badd14e349a9d74fd9df9542) Importer(815301076,1909f56bfc062723c751e8b465ee728b)
Start importing Assets/warped city files/ENVIRONMENT/tileset.png using Guid(31921775badd14e349a9d74fd9df9542) Importer(815301076,1909f56bfc062723c751e8b465ee728b)  -> (artifact id: '27a54ca38e8ec043155538bbaac0d662') in 0.019853 seconds 
  Import took 0.024806 seconds .

========================================================================
Received Import Request.
  Time since last request: 19.781617 seconds.
  path: Assets/warped city files/ENVIRONMENT/New Palette 1.prefab
  artifactKey: Guid(3048dc988d42049afa883b616e629b88) Importer(815301076,1909f56bfc062723c751e8b465ee728b)
Start importing Assets/warped city files/ENVIRONMENT/New Palette 1.prefab using Guid(3048dc988d42049afa883b616e629b88) Importer(815301076,1909f56bfc062723c751e8b465ee728b)  -> (artifact id: '86a280fa93965e9b419e5cbcd0479275') in 0.011786 seconds 
  Import took 0.017126 seconds .

========================================================================
Received Import Request.
  Time since last request: 2.870537 seconds.
  path: Assets/warped city files/ENVIRONMENT/New Palette 1.prefab
  artifactKey: Guid(3048dc988d42049afa883b616e629b88) Importer(815301076,1909f56bfc062723c751e8b465ee728b)
Start importing Assets/warped city files/ENVIRONMENT/New Palette 1.prefab using Guid(3048dc988d42049afa883b616e629b88) Importer(815301076,1909f56bfc062723c751e8b465ee728b)  -> (artifact id: 'dd873fed0802a83011520e79e82471dc') in 0.010591 seconds 
  Import took 0.015868 seconds .

========================================================================
Received Import Request.
  Time since last request: 0.000267 seconds.
  path: Assets/warped city files/ENVIRONMENT/tileset.asset
  artifactKey: Guid(3553bd174d0664de99fadce843b1b102) Importer(815301076,1909f56bfc062723c751e8b465ee728b)
Start importing Assets/warped city files/ENVIRONMENT/tileset.asset using Guid(3553bd174d0664de99fadce843b1b102) Importer(815301076,1909f56bfc062723c751e8b465ee728b)  -> (artifact id: 'a93a9d1c1e3787ce0e5b5e70d4de85a7') in 0.011328 seconds 
  Import took 0.016871 seconds .

========================================================================
Received Import Request.
  Time since last request: 46.811462 seconds.
  path: Assets/warped city files/ENVIRONMENT/New Palette 1.prefab
  artifactKey: Guid(3048dc988d42049afa883b616e629b88) Importer(815301076,1909f56bfc062723c751e8b465ee728b)
Start importing Assets/warped city files/ENVIRONMENT/New Palette 1.prefab using Guid(3048dc988d42049afa883b616e629b88) Importer(815301076,1909f56bfc062723c751e8b465ee728b)  -> (artifact id: '23f57ccd89d9a9d90d16bb7db4eeba04') in 0.016867 seconds 
  Import took 0.022442 seconds .

========================================================================
Received Import Request.
  Time since last request: 6.485604 seconds.
  path: Assets/warped city files/ENVIRONMENT/New Palette.prefab
  artifactKey: Guid(06ef785bd90db469f909604c82852992) Importer(815301076,1909f56bfc062723c751e8b465ee728b)
Start importing Assets/warped city files/ENVIRONMENT/New Palette.prefab using Guid(06ef785bd90db469f909604c82852992) Importer(815301076,1909f56bfc062723c751e8b465ee728b)  -> (artifact id: '4f40b5f278451deecea4014a0a8dd3ac') in 0.014284 seconds 
  Import took 0.021493 seconds .

========================================================================
Received Import Request.
  Time since last request: 10.209501 seconds.
  path: Assets/warped city files/ENVIRONMENT/New Palette.prefab
  artifactKey: Guid(06ef785bd90db469f909604c82852992) Importer(815301076,1909f56bfc062723c751e8b465ee728b)
Start importing Assets/warped city files/ENVIRONMENT/New Palette.prefab using Guid(06ef785bd90db469f909604c82852992) Importer(815301076,1909f56bfc062723c751e8b465ee728b)  -> (artifact id: '95493b57dd9d2b9d4cd607543e749f2c') in 0.020356 seconds 
  Import took 0.026783 seconds .

========================================================================
Received Import Request.
  Time since last request: 15.503289 seconds.
  path: Assets/warped city files/ENVIRONMENT/New Palette.prefab
  artifactKey: Guid(06ef785bd90db469f909604c82852992) Importer(815301076,1909f56bfc062723c751e8b465ee728b)
Start importing Assets/warped city files/ENVIRONMENT/New Palette.prefab using Guid(06ef785bd90db469f909604c82852992) Importer(815301076,1909f56bfc062723c751e8b465ee728b)  -> (artifact id: 'b82d658593f25f62bbb077384f27be0a') in 0.016681 seconds 
  Import took 0.022695 seconds .

========================================================================
Received Import Request.
  Time since last request: 65.738773 seconds.
  path: Assets/warped city files/ENVIRONMENT/New Palette.prefab
  artifactKey: Guid(06ef785bd90db469f909604c82852992) Importer(815301076,1909f56bfc062723c751e8b465ee728b)
Start importing Assets/warped city files/ENVIRONMENT/New Palette.prefab using Guid(06ef785bd90db469f909604c82852992) Importer(815301076,1909f56bfc062723c751e8b465ee728b)  -> (artifact id: '0e796f7c3dfe15726f8e371a11972fdb') in 0.013549 seconds 
  Import took 0.020237 seconds .

========================================================================
Received Import Request.
  Time since last request: 26.816026 seconds.
  path: Assets/warped city files/ENVIRONMENT/New Palette.prefab
  artifactKey: Guid(06ef785bd90db469f909604c82852992) Importer(815301076,1909f56bfc062723c751e8b465ee728b)
Start importing Assets/warped city files/ENVIRONMENT/New Palette.prefab using Guid(06ef785bd90db469f909604c82852992) Importer(815301076,1909f56bfc062723c751e8b465ee728b)  -> (artifact id: '0ad01017ff5bd5746c2c4a142badfa0c') in 0.013734 seconds 
  Import took 0.018106 seconds .

========================================================================
Received Import Request.
  Time since last request: 53.922427 seconds.
  path: Assets/warped city files/ENVIRONMENT/New Palette.prefab
  artifactKey: Guid(06ef785bd90db469f909604c82852992) Importer(815301076,1909f56bfc062723c751e8b465ee728b)
Start importing Assets/warped city files/ENVIRONMENT/New Palette.prefab using Guid(06ef785bd90db469f909604c82852992) Importer(815301076,1909f56bfc062723c751e8b465ee728b)  -> (artifact id: '451435476434c574f1380dc30c440f44') in 0.009436 seconds 
  Import took 0.013727 seconds .

========================================================================
Received Import Request.
  Time since last request: 4.421426 seconds.
  path: Assets/warped city files/ENVIRONMENT/New Palette.prefab
  artifactKey: Guid(06ef785bd90db469f909604c82852992) Importer(815301076,1909f56bfc062723c751e8b465ee728b)
Start importing Assets/warped city files/ENVIRONMENT/New Palette.prefab using Guid(06ef785bd90db469f909604c82852992) Importer(815301076,1909f56bfc062723c751e8b465ee728b)  -> (artifact id: '72d6bb77387260bd44fad7c8bc838db0') in 0.014573 seconds 
  Import took 0.019756 seconds .

========================================================================
Received Import Request.
  Time since last request: 78.059528 seconds.
  path: Assets/Scripts/HighJump.cs
  artifactKey: Guid(dd664f185340b4f34bedc96b21eaf9a1) Importer(815301076,1909f56bfc062723c751e8b465ee728b)
Start importing Assets/Scripts/HighJump.cs using Guid(dd664f185340b4f34bedc96b21eaf9a1) Importer(815301076,1909f56bfc062723c751e8b465ee728b)  -> (artifact id: '1498888b77836d2d7df661b476a2b1d9') in 0.003213 seconds 
  Import took 0.010177 seconds .

========================================================================
Received Prepare
Registering precompiled user dll's ...
Registered in 0.003998 seconds.
Begin MonoManager ReloadAssembly
Native extension for WindowsStandalone target not found
Native extension for OSXStandalone target not found
Refreshing native plugins compatible for Editor in 0.67 ms, found 3 plugins.
Preloading 0 native plugins for Editor in 0.00 ms.
Mono: successfully reloaded assembly
- Completed reload, in  1.311 seconds
Domain Reload Profiling:
	ReloadAssembly (1311ms)
		BeginReloadAssembly (148ms)
			ExecutionOrderSort (0ms)
			DisableScriptedObjects (7ms)
			BackupInstance (0ms)
			ReleaseScriptingObjects (0ms)
			CreateAndSetChildDomain (77ms)
		EndReloadAssembly (1086ms)
			LoadAssemblies (88ms)
			RebuildTransferFunctionScriptingTraits (0ms)
			SetupTypeCache (390ms)
			ReleaseScriptCaches (1ms)
			RebuildScriptCaches (61ms)
			SetupLoadedEditorAssemblies (397ms)
				LogAssemblyErrors (0ms)
				InitializePlatformSupportModulesInManaged (6ms)
				SetLoadedEditorAssemblies (1ms)
				RefreshPlugins (1ms)
				BeforeProcessingInitializeOnLoad (126ms)
				ProcessInitializeOnLoadAttributes (252ms)
				ProcessInitializeOnLoadMethodAttributes (8ms)
				AfterProcessingInitializeOnLoad (3ms)
				EditorAssembliesLoaded (0ms)
			ExecutionOrderSort2 (0ms)
			AwakeInstancesAfterBackupRestoration (19ms)
Platform modules already initialized, skipping
Refreshing native plugins compatible for Editor in 0.51 ms, found 3 plugins.
Preloading 0 native plugins for Editor in 0.00 ms.
Unloading 2085 Unused Serialized files (Serialized files now loaded: 0)
System memory in use before: 207.7 MB.
System memory in use after: 207.8 MB.

Unloading 14 unused Assets to reduce memory usage. Loaded Objects now: 2613.
Total: 2.948947 ms (FindLiveObjects: 0.199781 ms CreateObjectMapping: 0.070631 ms MarkObjects: 2.647743 ms  DeleteObjects: 0.028988 ms)

AssetImportParameters requested are different than current active one (requested -> active):
  custom:video-decoder-ogg-theora: a1e56fd34408186e4bbccfd4996cb3dc -> 
  custom:container-muxer-webm: aa71ff27fc2769a1b78a27578f13a17b -> 
  custom:container-demuxer-webm: 4f35f7cbe854078d1ac9338744f61a02 -> 
  custom:container-demuxer-ogg: 62fdf1f143b41e24485cea50d1cbac27 -> 
  custom:video-encoder-webm-vp8: eb34c28f22e8b96e1ab97ce403110664 -> 
  custom:framework-osx-AVFoundation: b23960f63f64bdc6ff669e2cdcee2391 -> 
  custom:video-decoder-webm-vp8: 9c59270c3fd7afecdb556c50c9e8de78 -> 
  custom:audio-decoder-ogg-vorbis: bf7c407c2cedff20999df2af8eb42d56 -> 
  custom:audio-encoder-webm-vorbis: bf7c407c2cedff20999df2af8eb42d56 -> 
========================================================================
Received Prepare
Registering precompiled user dll's ...
Registered in 0.004049 seconds.
Begin MonoManager ReloadAssembly
Native extension for WindowsStandalone target not found
Native extension for OSXStandalone target not found
Refreshing native plugins compatible for Editor in 0.48 ms, found 3 plugins.
Preloading 0 native plugins for Editor in 0.00 ms.
Mono: successfully reloaded assembly
- Completed reload, in  1.358 seconds
Domain Reload Profiling:
	ReloadAssembly (1358ms)
		BeginReloadAssembly (161ms)
			ExecutionOrderSort (0ms)
			DisableScriptedObjects (7ms)
			BackupInstance (0ms)
			ReleaseScriptingObjects (0ms)
			CreateAndSetChildDomain (81ms)
		EndReloadAssembly (1111ms)
			LoadAssemblies (103ms)
			RebuildTransferFunctionScriptingTraits (0ms)
			SetupTypeCache (426ms)
			ReleaseScriptCaches (1ms)
			RebuildScriptCaches (64ms)
			SetupLoadedEditorAssemblies (378ms)
				LogAssemblyErrors (0ms)
				InitializePlatformSupportModulesInManaged (9ms)
				SetLoadedEditorAssemblies (1ms)
				RefreshPlugins (1ms)
				BeforeProcessingInitializeOnLoad (139ms)
				ProcessInitializeOnLoadAttributes (221ms)
				ProcessInitializeOnLoadMethodAttributes (6ms)
				AfterProcessingInitializeOnLoad (1ms)
				EditorAssembliesLoaded (0ms)
			ExecutionOrderSort2 (0ms)
			AwakeInstancesAfterBackupRestoration (13ms)
Platform modules already initialized, skipping
Refreshing native plugins compatible for Editor in 0.52 ms, found 3 plugins.
Preloading 0 native plugins for Editor in 0.00 ms.
Unloading 2085 Unused Serialized files (Serialized files now loaded: 0)
System memory in use before: 207.9 MB.
System memory in use after: 208.0 MB.

Unloading 14 unused Assets to reduce memory usage. Loaded Objects now: 2616.
Total: 3.831417 ms (FindLiveObjects: 0.215465 ms CreateObjectMapping: 0.107951 ms MarkObjects: 3.482311 ms  DeleteObjects: 0.024057 ms)

AssetImportParameters requested are different than current active one (requested -> active):
  custom:video-decoder-ogg-theora: a1e56fd34408186e4bbccfd4996cb3dc -> 
  custom:container-muxer-webm: aa71ff27fc2769a1b78a27578f13a17b -> 
  custom:container-demuxer-webm: 4f35f7cbe854078d1ac9338744f61a02 -> 
  custom:container-demuxer-ogg: 62fdf1f143b41e24485cea50d1cbac27 -> 
  custom:video-encoder-webm-vp8: eb34c28f22e8b96e1ab97ce403110664 -> 
  custom:framework-osx-AVFoundation: b23960f63f64bdc6ff669e2cdcee2391 -> 
  custom:video-decoder-webm-vp8: 9c59270c3fd7afecdb556c50c9e8de78 -> 
  custom:audio-decoder-ogg-vorbis: bf7c407c2cedff20999df2af8eb42d56 -> 
  custom:audio-encoder-webm-vorbis: bf7c407c2cedff20999df2af8eb42d56 -> 
========================================================================
Received Import Request.
  Time since last request: 634.976548 seconds.
  path: Assets/Scripts/HighJump.cs
  artifactKey: Guid(dd664f185340b4f34bedc96b21eaf9a1) Importer(815301076,1909f56bfc062723c751e8b465ee728b)
Start importing Assets/Scripts/HighJump.cs using Guid(dd664f185340b4f34bedc96b21eaf9a1) Importer(815301076,1909f56bfc062723c751e8b465ee728b)  -> (artifact id: '0ab1760d838d7978cced2a400b05d3bf') in 0.004822 seconds 
  Import took 0.009786 seconds .

AssetImportWorkerClient::OnTransportError - code=2 error=End of file
